Vivado Simulator 2014.3
Copyright 1986-1999, 2001-2014 Xilinx, Inc. All Rights Reserved.
Running: /home/saurabh/Vivado/2014.3.1/bin/unwrapped/lnx64.o/xelab -wto f110c2af8ebe4059826750a5c095730b --debug typical --relax -L xil_defaultlib -L unisims_ver -L unimacro_ver -L secureip --snapshot test_dsp_behav xil_defaultlib.test_dsp xil_defaultlib.glbl -log elaborate.log 
Multi-threading is on. Using 2 slave threads.
Starting static elaboration
Completed static elaboration
Starting simulation data flow analysis
Completed simulation data flow analysis
Time Resolution for simulation is 1ps
Compiling module unisims_ver.DSP48E1(ACASCREG=2,ADREG=0,ALUMO...
Compiling module xil_defaultlib.xbip_dsp48_macro_0_xbip_dsp48e1_...
Compiling module xil_defaultlib.xbip_dsp48_macro_0_xbip_dsp48_ma...
Compiling module xil_defaultlib.xbip_dsp48_macro_0_xbip_dsp48_ma...
Compiling module xil_defaultlib.xbip_dsp48_macro_0_xbip_dsp48_ma...
Compiling module xil_defaultlib.xbip_dsp48_macro_0
Compiling module unisims_ver.sffsrce_fdre
Compiling module unisims_ver.FDRE
Compiling module xil_defaultlib.xbip_dsp48_macro_1_xbip_pipe_v3_...
Compiling module xil_defaultlib.xbip_dsp48_macro_1_xbip_pipe_v3_...
Compiling module unisims_ver.DSP48E1(ACASCREG=2,ADREG=0,ALUMO...
Compiling module xil_defaultlib.xbip_dsp48_macro_1_xbip_dsp48e1_...
Compiling module xil_defaultlib.xbip_dsp48_macro_1_xbip_dsp48_ma...
Compiling module xil_defaultlib.xbip_dsp48_macro_1_xbip_dsp48_ma...
Compiling module xil_defaultlib.xbip_dsp48_macro_1_xbip_dsp48_ma...
Compiling module xil_defaultlib.xbip_dsp48_macro_1
Compiling module xil_defaultlib.xbip_dsp48_macro_2_xbip_pipe_v3_...
Compiling module xil_defaultlib.xbip_dsp48_macro_2_xbip_pipe_v3_...
Compiling module xil_defaultlib.xbip_dsp48_macro_2_xbip_pipe_v3_...
Compiling module xil_defaultlib.xbip_dsp48_macro_2_xbip_pipe_v3_...
Compiling module xil_defaultlib.xbip_dsp48_macro_2_xbip_pipe_v3_...
Compiling module xil_defaultlib.xbip_dsp48_macro_2_xbip_pipe_v3_...
Compiling module unisims_ver.DSP48E1(ACASCREG=2,ADREG=0,AREG=...
Compiling module xil_defaultlib.xbip_dsp48_macro_2_xbip_dsp48e1_...
Compiling module unisims_ver.x_lut3_mux4
Compiling module unisims_ver.x_lut3_mux4_reduced_0
Compiling module unisims_ver.LUT3
Compiling module unisims_ver.x_lut2_mux4
Compiling module unisims_ver.LUT2
Compiling module xil_defaultlib.xbip_dsp48_macro_2_xbip_dsp48_ma...
Compiling module xil_defaultlib.xbip_dsp48_macro_2_xbip_dsp48_ma...
Compiling module xil_defaultlib.xbip_dsp48_macro_2_xbip_dsp48_ma...
Compiling module xil_defaultlib.xbip_dsp48_macro_2
Compiling module xil_defaultlib.dspmatrix
Compiling module xil_defaultlib.test_dsp
Compiling module xil_defaultlib.glbl
Waiting for 2 sub-compilation(s) to finish...
Built simulation snapshot test_dsp_behav
